2025-03-26 11:40:23,022 - httpx - INFO - HTTP Request: POST https://api.telegram.org/bot1613285558:AAFnJ0-glXyFHh65f4IystpNkXqV3HjqX6A/getUpdates "HTTP/1.1 200 OK"
2025-03-26 11:40:32,878 - root - INFO - Bot ishga tushirilmoqda...
2025-03-26 11:40:33,702 - httpx - INFO - HTTP Request: POST https://api.telegram.org/bot1613285558:AAFnJ0-glXyFHh65f4IystpNkXqV3HjqX6A/getMe "HTTP/1.1 200 OK"
2025-03-26 11:40:33,815 - httpx - INFO - HTTP Request: POST https://api.telegram.org/bot1613285558:AAFnJ0-glXyFHh65f4IystpNkXqV3HjqX6A/deleteWebhook "HTTP/1.1 200 OK"
2025-03-26 11:40:33,815 - telegram.ext.Application - INFO - Application started
2025-03-26 11:40:44,192 - httpx - INFO - HTTP Request: POST https://api.telegram.org/bot1613285558:AAFnJ0-glXyFHh65f4IystpNkXqV3HjqX6A/getUpdates "HTTP/1.1 200 OK"
2025-03-26 11:40:48,469 - httpx - INFO - HTTP Request: POST https://api.telegram.org/bot1613285558:AAFnJ0-glXyFHh65f4IystpNkXqV3HjqX6A/getUpdates "HTTP/1.1 200 OK"
2025-03-26 11:40:48,471 - __main__ - ERROR - So'z qo'shishda xatolik: 3 values for 2 columns
2025-03-26 11:40:48,864 - httpx - INFO - HTTP Request: POST https://api.telegram.org/bot1613285558:AAFnJ0-glXyFHh65f4IystpNkXqV3HjqX6A/sendMessage "HTTP/1.1 200 OK"
2025-03-26 11:40:58,590 - httpx - INFO - HTTP Request: POST https://api.telegram.org/bot1613285558:AAFnJ0-glXyFHh65f4IystpNkXqV3HjqX6A/getUpdates "HTTP/1.1 200 OK"
2025-03-26 11:41:08,715 - httpx - INFO - HTTP Request: POST https://api.telegram.org/bot1613285558:AAFnJ0-glXyFHh65f4IystpNkXqV3HjqX6A/getUpdates "HTTP/1.1 200 OK"
2025-03-26 11:41:18,834 - httpx - INFO - HTTP Request: POST https://api.telegram.org/bot1613285558:AAFnJ0-glXyFHh65f4IystpNkXqV3HjqX6A/getUpdates "HTTP/1.1 200 OK"
2025-03-26 11:41:28,943 - httpx - INFO - HTTP Request: POST https://api.telegram.org/bot1613285558:AAFnJ0-glXyFHh65f4IystpNkXqV3HjqX6A/getUpdates "HTTP/1.1 200 OK"
2025-03-26 11:41:39,050 - httpx - INFO - HTTP Request: POST https://api.telegram.org/bot1613285558:AAFnJ0-glXyFHh65f4IystpNkXqV3HjqX6A/getUpdates "HTTP/1.1 200 OK"
2025-03-26 11:41:49,154 - httpx - INFO - HTTP Request: POST https://api.telegram.org/bot1613285558:AAFnJ0-glXyFHh65f4IystpNkXqV3HjqX6A/getUpdates "HTTP/1.1 200 OK"
2025-03-26 11:41:59,266 - httpx - INFO - HTTP Request: POST https://api.telegram.org/bot1613285558:AAFnJ0-glXyFHh65f4IystpNkXqV3HjqX6A/getUpdates "HTTP/1.1 200 OK"
2025-03-26 11:42:09,389 - httpx - INFO - HTTP Request: POST https://api.telegram.org/bot1613285558:AAFnJ0-glXyFHh65f4IystpNkXqV3HjqX6A/getUpdates "HTTP/1.1 200 OK"
2025-03-26 11:42:19,495 - httpx - INFO - HTTP Request: POST https://api.telegram.org/bot1613285558:AAFnJ0-glXyFHh65f4IystpNkXqV3HjqX6A/getUpdates "HTTP/1.1 200 OK"
2025-03-26 11:42:29,651 - httpx - INFO - HTTP Request: POST https://api.telegram.org/bot1613285558:AAFnJ0-glXyFHh65f4IystpNkXqV3HjqX6A/getUpdates "HTTP/1.1 200 OK"
2025-03-26 11:42:39,768 - httpx - INFO - HTTP Request: POST https://api.telegram.org/bot1613285558:AAFnJ0-glXyFHh65f4IystpNkXqV3HjqX6A/getUpdates "HTTP/1.1 200 OK"
2025-03-26 11:42:49,890 - httpx - INFO - HTTP Request: POST https://api.telegram.org/bot1613285558:AAFnJ0-glXyFHh65f4IystpNkXqV3HjqX6A/getUpdates "HTTP/1.1 200 OK"
2025-03-26 11:43:00,332 - httpx - INFO - HTTP Request: POST https://api.telegram.org/bot1613285558:AAFnJ0-glXyFHh65f4IystpNkXqV3HjqX6A/getUpdates "HTTP/1.1 200 OK"
2025-03-26 11:43:10,549 - httpx - INFO - HTTP Request: POST https://api.telegram.org/bot1613285558:AAFnJ0-glXyFHh65f4IystpNkXqV3HjqX6A/getUpdates "HTTP/1.1 200 OK"
2025-03-26 11:43:20,670 - httpx - INFO - HTTP Request: POST https://api.telegram.org/bot1613285558:AAFnJ0-glXyFHh65f4IystpNkXqV3HjqX6A/getUpdates "HTTP/1.1 200 OK"
2025-03-26 11:43:26,940 - root - INFO - Bot ishga tushirilmoqda...
2025-03-26 11:43:27,764 - httpx - INFO - HTTP Request: POST https://api.telegram.org/bot1613285558:AAFnJ0-glXyFHh65f4IystpNkXqV3HjqX6A/getMe "HTTP/1.1 200 OK"
2025-03-26 11:43:27,893 - httpx - INFO - HTTP Request: POST https://api.telegram.org/bot1613285558:AAFnJ0-glXyFHh65f4IystpNkXqV3HjqX6A/deleteWebhook "HTTP/1.1 200 OK"
2025-03-26 11:43:27,894 - telegram.ext.Application - INFO - Application started
2025-03-26 11:43:36,547 - httpx - INFO - HTTP Request: POST https://api.telegram.org/bot1613285558:AAFnJ0-glXyFHh65f4IystpNkXqV3HjqX6A/getUpdates "HTTP/1.1 200 OK"
2025-03-26 11:43:36,927 - httpx - INFO - HTTP Request: POST https://api.telegram.org/bot1613285558:AAFnJ0-glXyFHh65f4IystpNkXqV3HjqX6A/sendMessage "HTTP/1.1 200 OK"
2025-03-26 11:43:42,184 - httpx - INFO - HTTP Request: POST https://api.telegram.org/bot1613285558:AAFnJ0-glXyFHh65f4IystpNkXqV3HjqX6A/getUpdates "HTTP/1.1 200 OK"
2025-03-26 11:43:42,645 - httpx - INFO - HTTP Request: POST https://api.telegram.org/bot1613285558:AAFnJ0-glXyFHh65f4IystpNkXqV3HjqX6A/sendMessage "HTTP/1.1 200 OK"
2025-03-26 11:43:44,415 - httpx - INFO - HTTP Request: POST https://api.telegram.org/bot1613285558:AAFnJ0-glXyFHh65f4IystpNkXqV3HjqX6A/getUpdates "HTTP/1.1 200 OK"
2025-03-26 11:43:44,549 - httpx - INFO - HTTP Request: POST https://api.telegram.org/bot1613285558:AAFnJ0-glXyFHh65f4IystpNkXqV3HjqX6A/sendMessage "HTTP/1.1 200 OK"
2025-03-26 11:43:54,531 - httpx - INFO - HTTP Request: POST https://api.telegram.org/bot1613285558:AAFnJ0-glXyFHh65f4IystpNkXqV3HjqX6A/getUpdates "HTTP/1.1 200 OK"
2025-03-26 11:44:04,640 - httpx - INFO - HTTP Request: POST https://api.telegram.org/bot1613285558:AAFnJ0-glXyFHh65f4IystpNkXqV3HjqX6A/getUpdates "HTTP/1.1 200 OK"
2025-03-26 11:44:14,751 - httpx - INFO - HTTP Request: POST https://api.telegram.org/bot1613285558:AAFnJ0-glXyFHh65f4IystpNkXqV3HjqX6A/getUpdates "HTTP/1.1 200 OK"
2025-03-26 11:44:23,452 - httpx - INFO - HTTP Request: POST https://api.telegram.org/bot1613285558:AAFnJ0-glXyFHh65f4IystpNkXqV3HjqX6A/getUpdates "HTTP/1.1 200 OK"
2025-03-26 11:44:23,926 - httpx - INFO - HTTP Request: POST https://api.telegram.org/bot1613285558:AAFnJ0-glXyFHh65f4IystpNkXqV3HjqX6A/sendMessage "HTTP/1.1 200 OK"
2025-03-26 11:44:24,833 - httpx - INFO - HTTP Request: POST https://api.telegram.org/bot1613285558:AAFnJ0-glXyFHh65f4IystpNkXqV3HjqX6A/getUpdates "HTTP/1.1 200 OK"
2025-03-26 11:44:24,984 - httpx - INFO - HTTP Request: POST https://api.telegram.org/bot1613285558:AAFnJ0-glXyFHh65f4IystpNkXqV3HjqX6A/sendMessage "HTTP/1.1 200 OK"
2025-03-26 11:44:34,948 - httpx - INFO - HTTP Request: POST https://api.telegram.org/bot1613285558:AAFnJ0-glXyFHh65f4IystpNkXqV3HjqX6A/getUpdates "HTTP/1.1 200 OK"
2025-03-26 11:44:45,057 - httpx - INFO - HTTP Request: POST https://api.telegram.org/bot1613285558:AAFnJ0-glXyFHh65f4IystpNkXqV3HjqX6A/getUpdates "HTTP/1.1 200 OK"
2025-03-26 11:44:54,579 - httpx - INFO - HTTP Request: POST https://api.telegram.org/bot1613285558:AAFnJ0-glXyFHh65f4IystpNkXqV3HjqX6A/getUpdates "HTTP/1.1 200 OK"
2025-03-26 11:44:54,976 - httpx - INFO - HTTP Request: POST https://api.telegram.org/bot1613285558:AAFnJ0-glXyFHh65f4IystpNkXqV3HjqX6A/sendMessage "HTTP/1.1 200 OK"
2025-03-26 11:44:56,766 - httpx - INFO - HTTP Request: POST https://api.telegram.org/bot1613285558:AAFnJ0-glXyFHh65f4IystpNkXqV3HjqX6A/getUpdates "HTTP/1.1 200 OK"
2025-03-26 11:44:56,912 - httpx - INFO - HTTP Request: POST https://api.telegram.org/bot1613285558:AAFnJ0-glXyFHh65f4IystpNkXqV3HjqX6A/sendMessage "HTTP/1.1 200 OK"
2025-03-26 11:45:06,896 - httpx - INFO - HTTP Request: POST https://api.telegram.org/bot1613285558:AAFnJ0-glXyFHh65f4IystpNkXqV3HjqX6A/getUpdates "HTTP/1.1 200 OK"
2025-03-26 11:45:17,001 - httpx - INFO - HTTP Request: POST https://api.telegram.org/bot1613285558:AAFnJ0-glXyFHh65f4IystpNkXqV3HjqX6A/getUpdates "HTTP/1.1 200 OK"
2025-03-26 11:45:27,128 - httpx - INFO - HTTP Request: POST https://api.telegram.org/bot1613285558:AAFnJ0-glXyFHh65f4IystpNkXqV3HjqX6A/getUpdates "HTTP/1.1 200 OK"
2025-03-26 11:45:29,427 - httpx - INFO - HTTP Request: POST https://api.telegram.org/bot1613285558:AAFnJ0-glXyFHh65f4IystpNkXqV3HjqX6A/getUpdates "HTTP/1.1 200 OK"
2025-03-26 11:45:29,798 - httpx - INFO - HTTP Request: POST https://api.telegram.org/bot1613285558:AAFnJ0-glXyFHh65f4IystpNkXqV3HjqX6A/sendMessage "HTTP/1.1 200 OK"
2025-03-26 11:45:33,416 - httpx - INFO - HTTP Request: POST https://api.telegram.org/bot1613285558:AAFnJ0-glXyFHh65f4IystpNkXqV3HjqX6A/getUpdates "HTTP/1.1 200 OK"
2025-03-26 11:45:33,558 - httpx - INFO - HTTP Request: POST https://api.telegram.org/bot1613285558:AAFnJ0-glXyFHh65f4IystpNkXqV3HjqX6A/sendMessage "HTTP/1.1 200 OK"
2025-03-26 11:45:43,529 - httpx - INFO - HTTP Request: POST https://api.telegram.org/bot1613285558:AAFnJ0-glXyFHh65f4IystpNkXqV3HjqX6A/getUpdates "HTTP/1.1 200 OK"
2025-03-26 11:45:53,675 - httpx - INFO - HTTP Request: POST https://api.telegram.org/bot1613285558:AAFnJ0-glXyFHh65f4IystpNkXqV3HjqX6A/getUpdates "HTTP/1.1 200 OK"
2025-03-26 11:46:03,779 - httpx - INFO - HTTP Request: POST https://api.telegram.org/bot1613285558:AAFnJ0-glXyFHh65f4IystpNkXqV3HjqX6A/getUpdates "HTTP/1.1 200 OK"
2025-03-26 11:46:13,904 - httpx - INFO - HTTP Request: POST https://api.telegram.org/bot1613285558:AAFnJ0-glXyFHh65f4IystpNkXqV3HjqX6A/getUpdates "HTTP/1.1 200 OK"
2025-03-26 11:46:24,039 - httpx - INFO - HTTP Request: POST https://api.telegram.org/bot1613285558:AAFnJ0-glXyFHh65f4IystpNkXqV3HjqX6A/getUpdates "HTTP/1.1 200 OK"
2025-03-26 11:46:34,175 - httpx - INFO - HTTP Request: POST https://api.telegram.org/bot1613285558:AAFnJ0-glXyFHh65f4IystpNkXqV3HjqX6A/getUpdates "HTTP/1.1 200 OK"
2025-03-26 11:46:44,284 - httpx - INFO - HTTP Request: POST https://api.telegram.org/bot1613285558:AAFnJ0-glXyFHh65f4IystpNkXqV3HjqX6A/getUpdates "HTTP/1.1 200 OK"
2025-03-26 11:46:54,412 - httpx - INFO - HTTP Request: POST https://api.telegram.org/bot1613285558:AAFnJ0-glXyFHh65f4IystpNkXqV3HjqX6A/getUpdates "HTTP/1.1 200 OK"
2025-03-26 11:47:04,522 - httpx - INFO - HTTP Request: POST https://api.telegram.org/bot1613285558:AAFnJ0-glXyFHh65f4IystpNkXqV3HjqX6A/getUpdates "HTTP/1.1 200 OK"
2025-03-26 11:47:14,631 - httpx - INFO - HTTP Request: POST https://api.telegram.org/bot1613285558:AAFnJ0-glXyFHh65f4IystpNkXqV3HjqX6A/getUpdates "HTTP/1.1 200 OK"
2025-03-26 11:47:24,746 - httpx - INFO - HTTP Request: POST https://api.telegram.org/bot1613285558:AAFnJ0-glXyFHh65f4IystpNkXqV3HjqX6A/getUpdates "HTTP/1.1 200 OK"
2025-03-26 11:47:34,854 - httpx - INFO - HTTP Request: POST https://api.telegram.org/bot1613285558:AAFnJ0-glXyFHh65f4IystpNkXqV3HjqX6A/getUpdates "HTTP/1.1 200 OK"
2025-03-26 11:47:44,980 - httpx - INFO - HTTP Request: POST https://api.telegram.org/bot1613285558:AAFnJ0-glXyFHh65f4IystpNkXqV3HjqX6A/getUpdates "HTTP/1.1 200 OK"
2025-03-26 11:47:55,085 - httpx - INFO - HTTP Request: POST https://api.telegram.org/bot1613285558:AAFnJ0-glXyFHh65f4IystpNkXqV3HjqX6A/getUpdates "HTTP/1.1 200 OK"
2025-03-26 11:48:05,188 - httpx - INFO - HTTP Request: POST https://api.telegram.org/bot1613285558:AAFnJ0-glXyFHh65f4IystpNkXqV3HjqX6A/getUpdates "HTTP/1.1 200 OK"
2025-03-26 11:48:15,306 - httpx - INFO - HTTP Request: POST https://api.telegram.org/bot1613285558:AAFnJ0-glXyFHh65f4IystpNkXqV3HjqX6A/getUpdates "HTTP/1.1 200 OK"
2025-03-26 11:48:25,418 - httpx - INFO - HTTP Request: POST https://api.telegram.org/bot1613285558:AAFnJ0-glXyFHh65f4IystpNkXqV3HjqX6A/getUpdates "HTTP/1.1 200 OK"
2025-03-26 11:48:35,551 - httpx - INFO - HTTP Request: POST https://api.telegram.org/bot1613285558:AAFnJ0-glXyFHh65f4IystpNkXqV3HjqX6A/getUpdates "HTTP/1.1 200 OK"
2025-03-26 11:48:45,658 - httpx - INFO - HTTP Request: POST https://api.telegram.org/bot1613285558:AAFnJ0-glXyFHh65f4IystpNkXqV3HjqX6A/getUpdates "HTTP/1.1 200 OK"
2025-03-26 11:48:55,777 - httpx - INFO - HTTP Request: POST https://api.telegram.org/bot1613285558:AAFnJ0-glXyFHh65f4IystpNkXqV3HjqX6A/getUpdates "HTTP/1.1 200 OK"
2025-03-26 11:49:05,899 - httpx - INFO - HTTP Request: POST https://api.telegram.org/bot1613285558:AAFnJ0-glXyFHh65f4IystpNkXqV3HjqX6A/getUpdates "HTTP/1.1 200 OK"
2025-03-26 11:49:16,005 - httpx - INFO - HTTP Request: POST https://api.telegram.org/bot1613285558:AAFnJ0-glXyFHh65f4IystpNkXqV3HjqX6A/getUpdates "HTTP/1.1 200 OK"
2025-03-26 11:49:26,114 - httpx - INFO - HTTP Request: POST https://api.telegram.org/bot1613285558:AAFnJ0-glXyFHh65f4IystpNkXqV3HjqX6A/getUpdates "HTTP/1.1 200 OK"
2025-03-26 11:49:33,881 - root - INFO - Bot ishga tushirilmoqda...
2025-03-26 11:49:34,742 - httpx - INFO - HTTP Request: POST https://api.telegram.org/bot1613285558:AAFnJ0-glXyFHh65f4IystpNkXqV3HjqX6A/getMe "HTTP/1.1 200 OK"
2025-03-26 11:49:34,866 - httpx - INFO - HTTP Request: POST https://api.telegram.org/bot1613285558:AAFnJ0-glXyFHh65f4IystpNkXqV3HjqX6A/deleteWebhook "HTTP/1.1 200 OK"
2025-03-26 11:49:34,867 - telegram.ext.Application - INFO - Application started
2025-03-26 11:49:41,708 - httpx - INFO - HTTP Request: POST https://api.telegram.org/bot1613285558:AAFnJ0-glXyFHh65f4IystpNkXqV3HjqX6A/getUpdates "HTTP/1.1 200 OK"
2025-03-26 11:49:42,093 - httpx - INFO - HTTP Request: POST https://api.telegram.org/bot1613285558:AAFnJ0-glXyFHh65f4IystpNkXqV3HjqX6A/sendMessage "HTTP/1.1 200 OK"
2025-03-26 11:49:51,161 - httpx - INFO - HTTP Request: POST https://api.telegram.org/bot1613285558:AAFnJ0-glXyFHh65f4IystpNkXqV3HjqX6A/getUpdates "HTTP/1.1 200 OK"
2025-03-26 11:49:51,543 - httpx - INFO - HTTP Request: POST https://api.telegram.org/bot1613285558:AAFnJ0-glXyFHh65f4IystpNkXqV3HjqX6A/sendMessage "HTTP/1.1 200 OK"
2025-03-26 11:49:56,221 - httpx - INFO - HTTP Request: POST https://api.telegram.org/bot1613285558:AAFnJ0-glXyFHh65f4IystpNkXqV3HjqX6A/getUpdates "HTTP/1.1 200 OK"
2025-03-26 11:49:56,347 - httpx - INFO - HTTP Request: POST https://api.telegram.org/bot1613285558:AAFnJ0-glXyFHh65f4IystpNkXqV3HjqX6A/sendMessage "HTTP/1.1 200 OK"
2025-03-26 11:50:01,300 - httpx - INFO - HTTP Request: POST https://api.telegram.org/bot1613285558:AAFnJ0-glXyFHh65f4IystpNkXqV3HjqX6A/getUpdates "HTTP/1.1 200 OK"
2025-03-26 11:50:01,540 - httpx - INFO - HTTP Request: POST https://api.telegram.org/bot1613285558:AAFnJ0-glXyFHh65f4IystpNkXqV3HjqX6A/sendMessage "HTTP/1.1 200 OK"
2025-03-26 11:50:05,790 - httpx - INFO - HTTP Request: POST https://api.telegram.org/bot1613285558:AAFnJ0-glXyFHh65f4IystpNkXqV3HjqX6A/getUpdates "HTTP/1.1 200 OK"
2025-03-26 11:50:05,933 - httpx - INFO - HTTP Request: POST https://api.telegram.org/bot1613285558:AAFnJ0-glXyFHh65f4IystpNkXqV3HjqX6A/sendMessage "HTTP/1.1 200 OK"
2025-03-26 11:50:12,101 - httpx - INFO - HTTP Request: POST https://api.telegram.org/bot1613285558:AAFnJ0-glXyFHh65f4IystpNkXqV3HjqX6A/getUpdates "HTTP/1.1 200 OK"
2025-03-26 11:50:12,501 - httpx - INFO - HTTP Request: POST https://api.telegram.org/bot1613285558:AAFnJ0-glXyFHh65f4IystpNkXqV3HjqX6A/sendMessage "HTTP/1.1 200 OK"
2025-03-26 11:50:22,219 - httpx - INFO - HTTP Request: POST https://api.telegram.org/bot1613285558:AAFnJ0-glXyFHh65f4IystpNkXqV3HjqX6A/getUpdates "HTTP/1.1 200 OK"
2025-03-26 11:50:32,344 - httpx - INFO - HTTP Request: POST https://api.telegram.org/bot1613285558:AAFnJ0-glXyFHh65f4IystpNkXqV3HjqX6A/getUpdates "HTTP/1.1 200 OK"
2025-03-26 11:50:36,014 - httpx - INFO - HTTP Request: POST https://api.telegram.org/bot1613285558:AAFnJ0-glXyFHh65f4IystpNkXqV3HjqX6A/getUpdates "HTTP/1.1 200 OK"
2025-03-26 11:50:36,486 - httpx - INFO - HTTP Request: POST https://api.telegram.org/bot1613285558:AAFnJ0-glXyFHh65f4IystpNkXqV3HjqX6A/sendMessage "HTTP/1.1 200 OK"
2025-03-26 11:50:40,180 - httpx - INFO - HTTP Request: POST https://api.telegram.org/bot1613285558:AAFnJ0-glXyFHh65f4IystpNkXqV3HjqX6A/getUpdates "HTTP/1.1 200 OK"
2025-03-26 11:50:40,797 - httpx - INFO - HTTP Request: POST https://api.telegram.org/bot1613285558:AAFnJ0-glXyFHh65f4IystpNkXqV3HjqX6A/sendMessage "HTTP/1.1 200 OK"
2025-03-26 11:50:50,299 - httpx - INFO - HTTP Request: POST https://api.telegram.org/bot1613285558:AAFnJ0-glXyFHh65f4IystpNkXqV3HjqX6A/getUpdates "HTTP/1.1 200 OK"
2025-03-26 12:05:47,805 - httpx - INFO - HTTP Request: POST https://api.telegram.org/bot1613285558:AAFnJ0-glXyFHh65f4IystpNkXqV3HjqX6A/getUpdates "HTTP/1.1 200 OK"
2025-03-26 12:08:39,344 - httpx - INFO - HTTP Request: POST https://api.telegram.org/bot1613285558:AAFnJ0-glXyFHh65f4IystpNkXqV3HjqX6A/getUpdates "HTTP/1.1 200 OK"
2025-03-26 12:08:50,147 - httpx - INFO - HTTP Request: POST https://api.telegram.org/bot1613285558:AAFnJ0-glXyFHh65f4IystpNkXqV3HjqX6A/getUpdates "HTTP/1.1 200 OK"
2025-03-26 12:09:00,551 - httpx - INFO - HTTP Request: POST https://api.telegram.org/bot1613285558:AAFnJ0-glXyFHh65f4IystpNkXqV3HjqX6A/getUpdates "HTTP/1.1 200 OK"
2025-03-26 12:09:10,788 - httpx - INFO - HTTP Request: POST https://api.telegram.org/bot1613285558:AAFnJ0-glXyFHh65f4IystpNkXqV3HjqX6A/getUpdates "HTTP/1.1 200 OK"
2025-03-26 12:09:20,958 - httpx - INFO - HTTP Request: POST https://api.telegram.org/bot1613285558:AAFnJ0-glXyFHh65f4IystpNkXqV3HjqX6A/getUpdates "HTTP/1.1 200 OK"
2025-03-26 12:09:31,234 - httpx - INFO - HTTP Request: POST https://api.telegram.org/bot1613285558:AAFnJ0-glXyFHh65f4IystpNkXqV3HjqX6A/getUpdates "HTTP/1.1 200 OK"
2025-03-26 12:09:41,603 - httpx - INFO - HTTP Request: POST https://api.telegram.org/bot1613285558:AAFnJ0-glXyFHh65f4IystpNkXqV3HjqX6A/getUpdates "HTTP/1.1 200 OK"
2025-03-26 12:09:51,763 - httpx - INFO - HTTP Request: POST https://api.telegram.org/bot1613285558:AAFnJ0-glXyFHh65f4IystpNkXqV3HjqX6A/getUpdates "HTTP/1.1 200 OK"
2025-03-26 12:10:01,906 - httpx - INFO - HTTP Request: POST https://api.telegram.org/bot1613285558:AAFnJ0-glXyFHh65f4IystpNkXqV3HjqX6A/getUpdates "HTTP/1.1 200 OK"
2025-03-26 12:10:12,048 - httpx - INFO - HTTP Request: POST https://api.telegram.org/bot1613285558:AAFnJ0-glXyFHh65f4IystpNkXqV3HjqX6A/getUpdates "HTTP/1.1 200 OK"
2025-03-26 12:10:22,676 - httpx - INFO - HTTP Request: POST https://api.telegram.org/bot1613285558:AAFnJ0-glXyFHh65f4IystpNkXqV3HjqX6A/getUpdates "HTTP/1.1 200 OK"
2025-03-26 12:10:32,935 - httpx - INFO - HTTP Request: POST https://api.telegram.org/bot1613285558:AAFnJ0-glXyFHh65f4IystpNkXqV3HjqX6A/getUpdates "HTTP/1.1 200 OK"
2025-03-26 12:10:43,188 - httpx - INFO - HTTP Request: POST https://api.telegram.org/bot1613285558:AAFnJ0-glXyFHh65f4IystpNkXqV3HjqX6A/getUpdates "HTTP/1.1 200 OK"
2025-03-26 12:10:53,631 - httpx - INFO - HTTP Request: POST https://api.telegram.org/bot1613285558:AAFnJ0-glXyFHh65f4IystpNkXqV3HjqX6A/getUpdates "HTTP/1.1 200 OK"
2025-03-26 12:11:05,103 - httpx - INFO - HTTP Request: POST https://api.telegram.org/bot1613285558:AAFnJ0-glXyFHh65f4IystpNkXqV3HjqX6A/getUpdates "HTTP/1.1 200 OK"
2025-03-26 12:11:16,936 - httpx - INFO - HTTP Request: POST https://api.telegram.org/bot1613285558:AAFnJ0-glXyFHh65f4IystpNkXqV3HjqX6A/getUpdates "HTTP/1.1 200 OK"
2025-03-26 12:11:43,666 - httpx - INFO - HTTP Request: POST https://api.telegram.org/bot1613285558:AAFnJ0-glXyFHh65f4IystpNkXqV3HjqX6A/getUpdates "HTTP/1.1 200 OK"
2025-03-26 12:11:53,937 - httpx - INFO - HTTP Request: POST https://api.telegram.org/bot1613285558:AAFnJ0-glXyFHh65f4IystpNkXqV3HjqX6A/getUpdates "HTTP/1.1 200 OK"
2025-03-26 12:12:04,277 - httpx - INFO - HTTP Request: POST https://api.telegram.org/bot1613285558:AAFnJ0-glXyFHh65f4IystpNkXqV3HjqX6A/getUpdates "HTTP/1.1 200 OK"
2025-03-26 12:12:14,906 - httpx - INFO - HTTP Request: POST https://api.telegram.org/bot1613285558:AAFnJ0-glXyFHh65f4IystpNkXqV3HjqX6A/getUpdates "HTTP/1.1 200 OK"
2025-03-26 12:12:25,050 - httpx - INFO - HTTP Request: POST https://api.telegram.org/bot1613285558:AAFnJ0-glXyFHh65f4IystpNkXqV3HjqX6A/getUpdates "HTTP/1.1 200 OK"
2025-03-26 12:12:35,925 - httpx - INFO - HTTP Request: POST https://api.telegram.org/bot1613285558:AAFnJ0-glXyFHh65f4IystpNkXqV3HjqX6A/getUpdates "HTTP/1.1 200 OK"
2025-03-26 12:12:46,198 - httpx - INFO - HTTP Request: POST https://api.telegram.org/bot1613285558:AAFnJ0-glXyFHh65f4IystpNkXqV3HjqX6A/getUpdates "HTTP/1.1 200 OK"
2025-03-26 12:12:56,333 - httpx - INFO - HTTP Request: POST https://api.telegram.org/bot1613285558:AAFnJ0-glXyFHh65f4IystpNkXqV3HjqX6A/getUpdates "HTTP/1.1 200 OK"
2025-03-26 12:13:01,455 - httpx - INFO - HTTP Request: POST https://api.telegram.org/bot1613285558:AAFnJ0-glXyFHh65f4IystpNkXqV3HjqX6A/getUpdates "HTTP/1.1 200 OK"
2025-03-26 12:13:02,973 - httpx - INFO - HTTP Request: POST https://api.telegram.org/bot1613285558:AAFnJ0-glXyFHh65f4IystpNkXqV3HjqX6A/getChatMember "HTTP/1.1 200 OK"
2025-03-26 12:13:03,366 - httpx - INFO - HTTP Request: POST https://api.telegram.org/bot1613285558:AAFnJ0-glXyFHh65f4IystpNkXqV3HjqX6A/deleteMessage "HTTP/1.1 200 OK"
2025-03-26 12:13:03,366 - __main__ - INFO - Haqoratli xabar o'chirildi: https://t.me/ub077/s/126
2025-03-26 12:13:12,209 - httpx - INFO - HTTP Request: POST https://api.telegram.org/bot1613285558:AAFnJ0-glXyFHh65f4IystpNkXqV3HjqX6A/getUpdates "HTTP/1.1 200 OK"
2025-03-26 12:13:22,953 - httpx - INFO - HTTP Request: POST https://api.telegram.org/bot1613285558:AAFnJ0-glXyFHh65f4IystpNkXqV3HjqX6A/getUpdates "HTTP/1.1 200 OK"
2025-03-26 12:13:33,145 - httpx - INFO - HTTP Request: POST https://api.telegram.org/bot1613285558:AAFnJ0-glXyFHh65f4IystpNkXqV3HjqX6A/getUpdates "HTTP/1.1 200 OK"
2025-03-26 12:13:43,586 - httpx - INFO - HTTP Request: POST https://api.telegram.org/bot1613285558:AAFnJ0-glXyFHh65f4IystpNkXqV3HjqX6A/getUpdates "HTTP/1.1 200 OK"
2025-03-26 12:13:53,934 - httpx - INFO - HTTP Request: POST https://api.telegram.org/bot1613285558:AAFnJ0-glXyFHh65f4IystpNkXqV3HjqX6A/getUpdates "HTTP/1.1 200 OK"
2025-03-26 12:14:04,763 - httpx - INFO - HTTP Request: POST https://api.telegram.org/bot1613285558:AAFnJ0-glXyFHh65f4IystpNkXqV3HjqX6A/getUpdates "HTTP/1.1 200 OK"
2025-03-26 12:14:15,554 - httpx - INFO - HTTP Request: POST https://api.telegram.org/bot1613285558:AAFnJ0-glXyFHh65f4IystpNkXqV3HjqX6A/getUpdates "HTTP/1.1 200 OK"
2025-03-26 12:14:25,909 - httpx - INFO - HTTP Request: POST https://api.telegram.org/bot1613285558:AAFnJ0-glXyFHh65f4IystpNkXqV3HjqX6A/getUpdates "HTTP/1.1 200 OK"
2025-03-26 12:14:36,379 - httpx - INFO - HTTP Request: POST https://api.telegram.org/bot1613285558:AAFnJ0-glXyFHh65f4IystpNkXqV3HjqX6A/getUpdates "HTTP/1.1 200 OK"
2025-03-26 12:14:47,027 - httpx - INFO - HTTP Request: POST https://api.telegram.org/bot1613285558:AAFnJ0-glXyFHh65f4IystpNkXqV3HjqX6A/getUpdates "HTTP/1.1 200 OK"
2025-03-26 12:14:57,193 - httpx - INFO - HTTP Request: POST https://api.telegram.org/bot1613285558:AAFnJ0-glXyFHh65f4IystpNkXqV3HjqX6A/getUpdates "HTTP/1.1 200 OK"
2025-03-26 12:15:07,626 - httpx - INFO - HTTP Request: POST https://api.telegram.org/bot1613285558:AAFnJ0-glXyFHh65f4IystpNkXqV3HjqX6A/getUpdates "HTTP/1.1 200 OK"
2025-03-26 12:15:17,993 - httpx - INFO - HTTP Request: POST https://api.telegram.org/bot1613285558:AAFnJ0-glXyFHh65f4IystpNkXqV3HjqX6A/getUpdates "HTTP/1.1 200 OK"
2025-03-26 12:15:28,805 - httpx - INFO - HTTP Request: POST https://api.telegram.org/bot1613285558:AAFnJ0-glXyFHh65f4IystpNkXqV3HjqX6A/getUpdates "HTTP/1.1 200 OK"
2025-03-26 12:15:39,003 - httpx - INFO - HTTP Request: POST https://api.telegram.org/bot1613285558:AAFnJ0-glXyFHh65f4IystpNkXqV3HjqX6A/getUpdates "HTTP/1.1 200 OK"
2025-03-26 12:15:49,247 - httpx - INFO - HTTP Request: POST https://api.telegram.org/bot1613285558:AAFnJ0-glXyFHh65f4IystpNkXqV3HjqX6A/getUpdates "HTTP/1.1 200 OK"
2025-03-26 12:15:59,539 - httpx - INFO - HTTP Request: POST https://api.telegram.org/bot1613285558:AAFnJ0-glXyFHh65f4IystpNkXqV3HjqX6A/getUpdates "HTTP/1.1 200 OK"
2025-03-26 12:16:10,308 - httpx - INFO - HTTP Request: POST https://api.telegram.org/bot1613285558:AAFnJ0-glXyFHh65f4IystpNkXqV3HjqX6A/getUpdates "HTTP/1.1 200 OK"
2025-03-26 12:16:20,498 - httpx - INFO - HTTP Request: POST https://api.telegram.org/bot1613285558:AAFnJ0-glXyFHh65f4IystpNkXqV3HjqX6A/getUpdates "HTTP/1.1 200 OK"
2025-03-26 12:16:31,201 - httpx - INFO - HTTP Request: POST https://api.telegram.org/bot1613285558:AAFnJ0-glXyFHh65f4IystpNkXqV3HjqX6A/getUpdates "HTTP/1.1 200 OK"
2025-03-26 12:16:41,396 - httpx - INFO - HTTP Request: POST https://api.telegram.org/bot1613285558:AAFnJ0-glXyFHh65f4IystpNkXqV3HjqX6A/getUpdates "HTTP/1.1 200 OK"
